Info: Starting: Create block symbol file (.bsf)
Info: qsys-generate D:\NIOS-System2.0\NIOS\nios_system.qsys --block-symbol-file --output-directory=D:\NIOS-System2.0\NIOS\nios_system --family="Cyclone IV E" --part=EP4CE115F29C7
Progress: Loading NIOS/nios_system.qsys
Progress: Reading input file
Progress: Adding AV_Config [altera_up_avalon_audio_and_video_config 16.1]
Progress: Parameterizing module AV_Config
Progress: Adding Audio_Subsystem [Audio_Subsystem 1.0]
Progress: Reading input file
Progress: Adding Audio [altera_up_avalon_audio 16.1]
Progress: Parameterizing module Audio
Progress: Adding Audio_PLL [altera_up_avalon_audio_pll 16.1]
Progress: Parameterizing module Audio_PLL
Progress: Adding Sys_Clk [clock_source 16.1]
Progress: Parameterizing module Sys_Clk
Progress: Building connections
Progress: Parameterizing connections
Progress: Validating
Progress: Done reading input file
Progress: Parameterizing module Audio_Subsystem
Progress: Adding Camera [Video_In_Subsystem 1.0]
Progress: Reading input file
Progress: Adding D5M_Camera_0 [D5M_Camera 1.0]
Progress: Parameterizing module D5M_Camera_0
Progress: Adding Sys_Clk [clock_source 16.1]
Progress: Parameterizing module Sys_Clk
Progress: Adding Video_In [altera_up_avalon_video_decoder 16.1]
Progress: Parameterizing module Video_In
Progress: Adding video_rgb_resampler_0 [altera_up_avalon_video_rgb_resampler 16.1]
Progress: Parameterizing module video_rgb_resampler_0
Progress: Building connections
Progress: Parameterizing connections
Progress: Validating
Progress: Done reading input file
Progress: Parameterizing module Camera
Progress: Adding Expansion_JP5 [altera_up_avalon_parallel_port 16.1]
Progress: Parameterizing module Expansion_JP5
Progress: Adding Flash [Altera_UP_Flash_Memory_IP_Core_Avalon_Interface 16.1]
Progress: Parameterizing module Flash
Progress: Adding Green_LEDs [altera_up_avalon_parallel_port 16.1]
Progress: Parameterizing module Green_LEDs
Progress: Adding Interval_Timer [altera_avalon_timer 16.1]
Progress: Parameterizing module Interval_Timer
Progress: Adding JTAG_UART [altera_avalon_jtag_uart 16.1]
Progress: Parameterizing module JTAG_UART
Progress: Adding JTAG_UART_2nd_Core [altera_avalon_jtag_uart 16.1]
Progress: Parameterizing module JTAG_UART_2nd_Core
Progress: Adding JTAG_to_FPGA_Bridge [altera_jtag_avalon_master 16.1]
Progress: Parameterizing module JTAG_to_FPGA_Bridge
Progress: Adding Nios2_Floating_Point [altera_nios_custom_instr_floating_point 16.1]
Progress: Parameterizing module Nios2_Floating_Point
Progress: Adding Nios2_Floating_Point_2nd_Core [altera_nios_custom_instr_floating_point 16.1]
Progress: Parameterizing module Nios2_Floating_Point_2nd_Core
Progress: Adding Processor1 [altera_nios2_gen2 16.1]
Progress: Parameterizing module Processor1
Progress: Adding Processor2 [altera_nios2_gen2 16.1]
Progress: Parameterizing module Processor2
Progress: Adding Pushbuttons [altera_up_avalon_parallel_port 16.1]
Progress: Parameterizing module Pushbuttons
Progress: Adding Red_LEDs [altera_up_avalon_parallel_port 16.1]
Progress: Parameterizing module Red_LEDs
Progress: Adding SDRAM [altera_avalon_new_sdram_controller 16.1]
Progress: Parameterizing module SDRAM
Progress: Adding SRAM [altera_up_avalon_sram 16.1]
Progress: Parameterizing module SRAM
Progress: Adding Serial_Port [altera_up_avalon_rs232 16.1]
Progress: Parameterizing module Serial_Port
Progress: Adding Slider_Switches [altera_up_avalon_parallel_port 16.1]
Progress: Parameterizing module Slider_Switches
Progress: Adding SysID [altera_avalon_sysid_qsys 16.1]
Progress: Parameterizing module SysID
Progress: Adding System_PLL [altera_up_avalon_sys_sdram_pll 16.1]
Progress: Parameterizing module System_PLL
Progress: Building connections
Progress: Parameterizing connections
Progress: Validating
Progress: Done reading input file
Info: nios_system.Camera.Video_In: Video In Stream: Format: 2592 x 1944 (default) with Colour: 8 (bits) x 1 (planes) (RGB Bayer Pattern)
Info: nios_system.Camera.video_rgb_resampler_0: RGB Resampling: 8 (bits) x 1 (planes) -> 8 (bits) x 3 (planes)
Info: nios_system.Camera.video_rgb_resampler_0.avalon_rgb_source/D5M_Camera_0.avalon_streaming_sink: The source has a ready signal of 1 bits, but the sink does not. Avalon-ST Adapter will be inserted.
Info: nios_system.JTAG_UART: JTAG UART IP input clock need to be at least double (2x) the operating frequency of JTAG TCK on board
Info: nios_system.JTAG_UART_2nd_Core: JTAG UART IP input clock need to be at least double (2x) the operating frequency of JTAG TCK on board
Info: nios_system.SDRAM: SDRAM Controller will only be supported in Quartus Prime Standard Edition in the future release.
Info: nios_system.SysID: System ID is not assigned automatically. Edit the System ID parameter to provide a unique ID
Info: nios_system.SysID: Time stamp will be automatically updated when this component is generated.
Info: nios_system.System_PLL: Refclk Freq: 50.0
Info: qsys-generate succeeded.
Info: Finished: Create block symbol file (.bsf)
Info: 
Info: Starting: Create HDL design files for synthesis
Info: qsys-generate D:\NIOS-System2.0\NIOS\nios_system.qsys --synthesis=VHDL --output-directory=D:\NIOS-System2.0\NIOS\nios_system\synthesis --family="Cyclone IV E" --part=EP4CE115F29C7
Progress: Loading NIOS/nios_system.qsys
Progress: Reading input file
Progress: Adding AV_Config [altera_up_avalon_audio_and_video_config 16.1]
Progress: Parameterizing module AV_Config
Progress: Adding Audio_Subsystem [Audio_Subsystem 1.0]
Progress: Parameterizing module Audio_Subsystem
Progress: Adding Camera [Video_In_Subsystem 1.0]
Progress: Parameterizing module Camera
Progress: Adding Expansion_JP5 [altera_up_avalon_parallel_port 16.1]
Progress: Parameterizing module Expansion_JP5
Progress: Adding Flash [Altera_UP_Flash_Memory_IP_Core_Avalon_Interface 16.1]
Progress: Parameterizing module Flash
Progress: Adding Green_LEDs [altera_up_avalon_parallel_port 16.1]
Progress: Parameterizing module Green_LEDs
Progress: Adding Interval_Timer [altera_avalon_timer 16.1]
Progress: Parameterizing module Interval_Timer
Progress: Adding JTAG_UART [altera_avalon_jtag_uart 16.1]
Progress: Parameterizing module JTAG_UART
Progress: Adding JTAG_UART_2nd_Core [altera_avalon_jtag_uart 16.1]
Progress: Parameterizing module JTAG_UART_2nd_Core
Progress: Adding JTAG_to_FPGA_Bridge [altera_jtag_avalon_master 16.1]
Progress: Parameterizing module JTAG_to_FPGA_Bridge
Progress: Adding Nios2_Floating_Point [altera_nios_custom_instr_floating_point 16.1]
Progress: Parameterizing module Nios2_Floating_Point
Progress: Adding Nios2_Floating_Point_2nd_Core [altera_nios_custom_instr_floating_point 16.1]
Progress: Parameterizing module Nios2_Floating_Point_2nd_Core
Progress: Adding Processor1 [altera_nios2_gen2 16.1]
Progress: Parameterizing module Processor1
Progress: Adding Processor2 [altera_nios2_gen2 16.1]
Progress: Parameterizing module Processor2
Progress: Adding Pushbuttons [altera_up_avalon_parallel_port 16.1]
Progress: Parameterizing module Pushbuttons
Progress: Adding Red_LEDs [altera_up_avalon_parallel_port 16.1]
Progress: Parameterizing module Red_LEDs
Progress: Adding SDRAM [altera_avalon_new_sdram_controller 16.1]
Progress: Parameterizing module SDRAM
Progress: Adding SRAM [altera_up_avalon_sram 16.1]
Progress: Parameterizing module SRAM
Progress: Adding Serial_Port [altera_up_avalon_rs232 16.1]
Progress: Parameterizing module Serial_Port
Progress: Adding Slider_Switches [altera_up_avalon_parallel_port 16.1]
Progress: Parameterizing module Slider_Switches
Progress: Adding SysID [altera_avalon_sysid_qsys 16.1]
Progress: Parameterizing module SysID
Progress: Adding System_PLL [altera_up_avalon_sys_sdram_pll 16.1]
Progress: Parameterizing module System_PLL
Progress: Building connections
Progress: Parameterizing connections
Progress: Validating
Progress: Done reading input file
Info: nios_system.Camera.Video_In: Video In Stream: Format: 2592 x 1944 (default) with Colour: 8 (bits) x 1 (planes) (RGB Bayer Pattern)
Info: nios_system.Camera.video_rgb_resampler_0: RGB Resampling: 8 (bits) x 1 (planes) -> 8 (bits) x 3 (planes)
Info: nios_system.Camera.video_rgb_resampler_0.avalon_rgb_source/D5M_Camera_0.avalon_streaming_sink: The source has a ready signal of 1 bits, but the sink does not. Avalon-ST Adapter will be inserted.
Info: nios_system.JTAG_UART: JTAG UART IP input clock need to be at least double (2x) the operating frequency of JTAG TCK on board
Info: nios_system.JTAG_UART_2nd_Core: JTAG UART IP input clock need to be at least double (2x) the operating frequency of JTAG TCK on board
Info: nios_system.SDRAM: SDRAM Controller will only be supported in Quartus Prime Standard Edition in the future release.
Info: nios_system.SysID: System ID is not assigned automatically. Edit the System ID parameter to provide a unique ID
Info: nios_system.SysID: Time stamp will be automatically updated when this component is generated.
Info: nios_system.System_PLL: Refclk Freq: 50.0
Info: nios_system: Generating nios_system "nios_system" for QUARTUS_SYNTH
Warning: nios_system: "No matching role found for Processor1_custom_instruction_master_multi_xconnect:ci_slave:ci_slave_ipending (ipending)"
Warning: nios_system: "No matching role found for Processor1_custom_instruction_master_multi_xconnect:ci_slave:ci_slave_estatus (estatus)"
Warning: nios_system: "No matching role found for Processor2_custom_instruction_master_multi_xconnect:ci_slave:ci_slave_ipending (ipending)"
Warning: nios_system: "No matching role found for Processor2_custom_instruction_master_multi_xconnect:ci_slave:ci_slave_estatus (estatus)"
Info: AV_Config: Starting Generation of Audio and Video Config
Info: AV_Config: "nios_system" instantiated altera_up_avalon_audio_and_video_config "AV_Config"
Info: Audio_Subsystem: "nios_system" instantiated Audio_Subsystem "Audio_Subsystem"
Info: avalon_st_adapter: Inserting timing_adapter: timing_adapter_0
Info: Camera: "nios_system" instantiated Video_In_Subsystem "Camera"
Info: Expansion_JP5: Starting Generation of Parallel Port
Info: Expansion_JP5: "nios_system" instantiated altera_up_avalon_parallel_port "Expansion_JP5"
Info: Flash: "nios_system" instantiated Altera_UP_Flash_Memory_IP_Core_Avalon_Interface "Flash"
Info: Green_LEDs: Starting Generation of Parallel Port
Info: Green_LEDs: "nios_system" instantiated altera_up_avalon_parallel_port "Green_LEDs"
Info: Interval_Timer: Starting RTL generation for module 'nios_system_Interval_Timer'
Info: Interval_Timer:   Generation command is [exec D:/intelFPGA_lite/16.1/quartus/bin64//perl/bin/perl.exe -I D:/intelFPGA_lite/16.1/quartus/bin64//perl/lib -I D:/intelfpga_lite/16.1/quartus/sopc_builder/bin/europa -I D:/intelfpga_lite/16.1/quartus/sopc_builder/bin/perl_lib -I D:/intelfpga_lite/16.1/quartus/sopc_builder/bin -I D:/intelfpga_lite/16.1/quartus/../ip/altera/sopc_builder_ip/common -I D:/intelfpga_lite/16.1/quartus/../ip/altera/sopc_builder_ip/altera_avalon_timer -- D:/intelfpga_lite/16.1/quartus/../ip/altera/sopc_builder_ip/altera_avalon_timer/generate_rtl.pl --name=nios_system_Interval_Timer --dir=C:/Users/Martijn/AppData/Local/Temp/alt7307_3090498598402376444.dir/0158_Interval_Timer_gen/ --quartus_dir=D:/intelfpga_lite/16.1/quartus --verilog --config=C:/Users/Martijn/AppData/Local/Temp/alt7307_3090498598402376444.dir/0158_Interval_Timer_gen//nios_system_Interval_Timer_component_configuration.pl  --do_build_sim=0  ]
Info: Interval_Timer: Done RTL generation for module 'nios_system_Interval_Timer'
Info: Interval_Timer: "nios_system" instantiated altera_avalon_timer "Interval_Timer"
Info: JTAG_UART: Starting RTL generation for module 'nios_system_JTAG_UART'
Info: JTAG_UART:   Generation command is [exec D:/intelfpga_lite/16.1/quartus/bin64/perl/bin/perl.exe -I D:/intelfpga_lite/16.1/quartus/bin64/perl/lib -I D:/intelfpga_lite/16.1/quartus/sopc_builder/bin/europa -I D:/intelfpga_lite/16.1/quartus/sopc_builder/bin/perl_lib -I D:/intelfpga_lite/16.1/quartus/sopc_builder/bin -I D:/intelfpga_lite/16.1/quartus/../ip/altera/sopc_builder_ip/common -I D:/intelfpga_lite/16.1/quartus/../ip/altera/sopc_builder_ip/altera_avalon_jtag_uart -- D:/intelfpga_lite/16.1/quartus/../ip/altera/sopc_builder_ip/altera_avalon_jtag_uart/generate_rtl.pl --name=nios_system_JTAG_UART --dir=C:/Users/Martijn/AppData/Local/Temp/alt7307_3090498598402376444.dir/0159_JTAG_UART_gen/ --quartus_dir=D:/intelfpga_lite/16.1/quartus --verilog --config=C:/Users/Martijn/AppData/Local/Temp/alt7307_3090498598402376444.dir/0159_JTAG_UART_gen//nios_system_JTAG_UART_component_configuration.pl  --do_build_sim=0  ]
Info: JTAG_UART: Done RTL generation for module 'nios_system_JTAG_UART'
Info: JTAG_UART: "nios_system" instantiated altera_avalon_jtag_uart "JTAG_UART"
Info: JTAG_to_FPGA_Bridge: "nios_system" instantiated altera_jtag_avalon_master "JTAG_to_FPGA_Bridge"
Info: Nios2_Floating_Point: "nios_system" instantiated altera_nios_custom_instr_floating_point "Nios2_Floating_Point"
Info: Processor1: "nios_system" instantiated altera_nios2_gen2 "Processor1"
Info: Processor2: "nios_system" instantiated altera_nios2_gen2 "Processor2"
Info: Pushbuttons: Starting Generation of Parallel Port
Info: Pushbuttons: "nios_system" instantiated altera_up_avalon_parallel_port "Pushbuttons"
Info: Red_LEDs: Starting Generation of Parallel Port
Info: Red_LEDs: "nios_system" instantiated altera_up_avalon_parallel_port "Red_LEDs"
Info: SDRAM: Starting RTL generation for module 'nios_system_SDRAM'
Info: SDRAM:   Generation command is [exec D:/intelfpga_lite/16.1/quartus/bin64/perl/bin/perl.exe -I D:/intelfpga_lite/16.1/quartus/bin64/perl/lib -I D:/intelfpga_lite/16.1/quartus/sopc_builder/bin/europa -I D:/intelfpga_lite/16.1/quartus/sopc_builder/bin/perl_lib -I D:/intelfpga_lite/16.1/quartus/sopc_builder/bin -I D:/intelfpga_lite/16.1/quartus/../ip/altera/sopc_builder_ip/common -I D:/intelfpga_lite/16.1/quartus/../ip/altera/sopc_builder_ip/altera_avalon_new_sdram_controller -- D:/intelfpga_lite/16.1/quartus/../ip/altera/sopc_builder_ip/altera_avalon_new_sdram_controller/generate_rtl.pl --name=nios_system_SDRAM --dir=C:/Users/Martijn/AppData/Local/Temp/alt7307_3090498598402376444.dir/0162_SDRAM_gen/ --quartus_dir=D:/intelfpga_lite/16.1/quartus --verilog --config=C:/Users/Martijn/AppData/Local/Temp/alt7307_3090498598402376444.dir/0162_SDRAM_gen//nios_system_SDRAM_component_configuration.pl  --do_build_sim=0  ]
Info: SDRAM: Done RTL generation for module 'nios_system_SDRAM'
Info: SDRAM: "nios_system" instantiated altera_avalon_new_sdram_controller "SDRAM"
Info: SRAM: Starting Generation of SRAM or SSRAM Controller
Info: SRAM: "nios_system" instantiated altera_up_avalon_sram "SRAM"
Info: Serial_Port: Starting Generation of RS232 UART
Info: Serial_Port: "nios_system" instantiated altera_up_avalon_rs232 "Serial_Port"
Info: Slider_Switches: Starting Generation of Parallel Port
Info: Slider_Switches: "nios_system" instantiated altera_up_avalon_parallel_port "Slider_Switches"
Info: SysID: "nios_system" instantiated altera_avalon_sysid_qsys "SysID"
Info: System_PLL: "nios_system" instantiated altera_up_avalon_sys_sdram_pll "System_PLL"
Info: Processor1_custom_instruction_master_translator: "nios_system" instantiated altera_customins_master_translator "Processor1_custom_instruction_master_translator"
Info: Processor1_custom_instruction_master_multi_xconnect: "nios_system" instantiated altera_customins_xconnect "Processor1_custom_instruction_master_multi_xconnect"
Info: Processor1_custom_instruction_master_multi_slave_translator0: "nios_system" instantiated altera_customins_slave_translator "Processor1_custom_instruction_master_multi_slave_translator0"
Info: avalon_st_adapter: Inserting error_adapter: error_adapter_0
Info: avalon_st_adapter_001: Inserting error_adapter: error_adapter_0
Info: avalon_st_adapter_002: Inserting error_adapter: error_adapter_0
Info: avalon_st_adapter_003: Inserting error_adapter: error_adapter_0
Info: avalon_st_adapter_004: Inserting error_adapter: error_adapter_0
Info: avalon_st_adapter_005: Inserting error_adapter: error_adapter_0
Info: avalon_st_adapter_006: Inserting error_adapter: error_adapter_0
Info: avalon_st_adapter_007: Inserting error_adapter: error_adapter_0
Info: avalon_st_adapter_008: Inserting error_adapter: error_adapter_0
Info: avalon_st_adapter_009: Inserting error_adapter: error_adapter_0
Info: avalon_st_adapter_010: Inserting error_adapter: error_adapter_0
Info: avalon_st_adapter_011: Inserting error_adapter: error_adapter_0
Info: avalon_st_adapter_012: Inserting error_adapter: error_adapter_0
Info: avalon_st_adapter_013: Inserting error_adapter: error_adapter_0
Info: avalon_st_adapter_014: Inserting error_adapter: error_adapter_0
Info: avalon_st_adapter_015: Inserting error_adapter: error_adapter_0
Info: avalon_st_adapter_016: Inserting error_adapter: error_adapter_0
Info: avalon_st_adapter_017: Inserting error_adapter: error_adapter_0
Info: avalon_st_adapter_018: Inserting error_adapter: error_adapter_0
Info: mm_interconnect_0: "nios_system" instantiated altera_mm_interconnect "mm_interconnect_0"
Info: irq_mapper: "nios_system" instantiated altera_irq_mapper "irq_mapper"
Info: rst_controller: "nios_system" instantiated altera_reset_controller "rst_controller"
Info: Audio: Starting Generation of Audio Controller
Info: Audio: "Audio_Subsystem" instantiated altera_up_avalon_audio "Audio"
Warning: Overwriting different file D:/NIOS-System2.0/NIOS/nios_system/synthesis/submodules/altera_up_sync_fifo.v
Info: Audio_PLL: "Audio_Subsystem" instantiated altera_up_avalon_audio_pll "Audio_PLL"
Info: D5M_Camera_0: "Camera" instantiated D5M_Camera "D5M_Camera_0"
Info: Video_In: Starting Generation of Video In Decoder
Info: Video_In: "Camera" instantiated altera_up_avalon_video_decoder "Video_In"
Info: video_rgb_resampler_0: Starting Generation of Video RGB Resampler
Info: video_rgb_resampler_0: "Camera" instantiated altera_up_avalon_video_rgb_resampler "video_rgb_resampler_0"
Info: avalon_st_adapter: "Camera" instantiated altera_avalon_st_adapter "avalon_st_adapter"
Info: jtag_phy_embedded_in_jtag_master: "JTAG_to_FPGA_Bridge" instantiated altera_jtag_dc_streaming "jtag_phy_embedded_in_jtag_master"
Info: timing_adt: "JTAG_to_FPGA_Bridge" instantiated timing_adapter "timing_adt"
Info: fifo: "JTAG_to_FPGA_Bridge" instantiated altera_avalon_sc_fifo "fifo"
Info: b2p: "JTAG_to_FPGA_Bridge" instantiated altera_avalon_st_bytes_to_packets "b2p"
Info: p2b: "JTAG_to_FPGA_Bridge" instantiated altera_avalon_st_packets_to_bytes "p2b"
Info: transacto: "JTAG_to_FPGA_Bridge" instantiated altera_avalon_packets_to_master "transacto"
Info: b2p_adapter: "JTAG_to_FPGA_Bridge" instantiated channel_adapter "b2p_adapter"
Info: p2b_adapter: "JTAG_to_FPGA_Bridge" instantiated channel_adapter "p2b_adapter"
Info: cpu: Starting RTL generation for module 'nios_system_Processor1_cpu'
Info: cpu:   Generation command is [exec D:/intelFPGA_lite/16.1/quartus/bin64//eperlcmd.exe -I D:/intelFPGA_lite/16.1/quartus/bin64//perl/lib -I D:/intelfpga_lite/16.1/quartus/sopc_builder/bin/europa -I D:/intelfpga_lite/16.1/quartus/sopc_builder/bin/perl_lib -I D:/intelfpga_lite/16.1/quartus/sopc_builder/bin -I D:/intelfpga_lite/16.1/quartus/../ip/altera/nios2_ip/altera_nios2_gen2/cpu_lib -I D:/intelfpga_lite/16.1/quartus/../ip/altera/nios2_ip/altera_nios2_gen2/nios_lib -I D:/intelfpga_lite/16.1/quartus/../ip/altera/nios2_ip/altera_nios2_gen2 -I D:/intelfpga_lite/16.1/quartus/../ip/altera/nios2_ip/altera_nios2_gen2 -- D:/intelfpga_lite/16.1/quartus/../ip/altera/nios2_ip/altera_nios2_gen2/generate_rtl.epl --name=nios_system_Processor1_cpu --dir=C:/Users/Martijn/AppData/Local/Temp/alt7307_3090498598402376444.dir/0184_cpu_gen/ --quartus_bindir=D:/intelFPGA_lite/16.1/quartus/bin64/ --verilog --config=C:/Users/Martijn/AppData/Local/Temp/alt7307_3090498598402376444.dir/0184_cpu_gen//nios_system_Processor1_cpu_processor_configuration.pl  --do_build_sim=0  ]
Info: cpu: # 2017.05.22 00:54:12 (*) Starting Nios II generation
Info: cpu: # 2017.05.22 00:54:12 (*)   Checking for plaintext license.
Info: cpu: # 2017.05.22 00:54:13 (*)   Couldn't query license setup in Quartus directory D:/intelFPGA_lite/16.1/quartus/bin64/
Info: cpu: # 2017.05.22 00:54:13 (*)   Defaulting to contents of LM_LICENSE_FILE environment variable
Info: cpu: # 2017.05.22 00:54:13 (*)   LM_LICENSE_FILE environment variable is empty
Info: cpu: # 2017.05.22 00:54:13 (*)   Plaintext license not found.
Info: cpu: # 2017.05.22 00:54:13 (*)   No license required to generate encrypted Nios II/e.
Info: cpu: # 2017.05.22 00:54:13 (*)   Elaborating CPU configuration settings
Info: cpu: # 2017.05.22 00:54:13 (*)   Creating all objects for CPU
Info: cpu: # 2017.05.22 00:54:14 (*)   Generating RTL from CPU objects
Info: cpu: # 2017.05.22 00:54:14 (*)   Creating plain-text RTL
Info: cpu: # 2017.05.22 00:54:15 (*) Done Nios II generation
Info: cpu: Done RTL generation for module 'nios_system_Processor1_cpu'
Info: cpu: "Processor1" instantiated altera_nios2_gen2_unit "cpu"
Info: cpu: Starting RTL generation for module 'nios_system_Processor2_cpu'
Info: cpu:   Generation command is [exec D:/intelFPGA_lite/16.1/quartus/bin64//eperlcmd.exe -I D:/intelFPGA_lite/16.1/quartus/bin64//perl/lib -I D:/intelfpga_lite/16.1/quartus/sopc_builder/bin/europa -I D:/intelfpga_lite/16.1/quartus/sopc_builder/bin/perl_lib -I D:/intelfpga_lite/16.1/quartus/sopc_builder/bin -I D:/intelfpga_lite/16.1/quartus/../ip/altera/nios2_ip/altera_nios2_gen2/cpu_lib -I D:/intelfpga_lite/16.1/quartus/../ip/altera/nios2_ip/altera_nios2_gen2/nios_lib -I D:/intelfpga_lite/16.1/quartus/../ip/altera/nios2_ip/altera_nios2_gen2 -I D:/intelfpga_lite/16.1/quartus/../ip/altera/nios2_ip/altera_nios2_gen2 -- D:/intelfpga_lite/16.1/quartus/../ip/altera/nios2_ip/altera_nios2_gen2/generate_rtl.epl --name=nios_system_Processor2_cpu --dir=C:/Users/Martijn/AppData/Local/Temp/alt7307_3090498598402376444.dir/0185_cpu_gen/ --quartus_bindir=D:/intelFPGA_lite/16.1/quartus/bin64/ --verilog --config=C:/Users/Martijn/AppData/Local/Temp/alt7307_3090498598402376444.dir/0185_cpu_gen//nios_system_Processor2_cpu_processor_configuration.pl  --do_build_sim=0  ]
Info: cpu: # 2017.05.22 00:54:15 (*) Starting Nios II generation
Info: cpu: # 2017.05.22 00:54:15 (*)   Checking for plaintext license.
Info: cpu: # 2017.05.22 00:54:16 (*)   Couldn't query license setup in Quartus directory D:/intelFPGA_lite/16.1/quartus/bin64/
Info: cpu: # 2017.05.22 00:54:16 (*)   Defaulting to contents of LM_LICENSE_FILE environment variable
Info: cpu: # 2017.05.22 00:54:16 (*)   LM_LICENSE_FILE environment variable is empty
Info: cpu: # 2017.05.22 00:54:16 (*)   Plaintext license not found.
Info: cpu: # 2017.05.22 00:54:16 (*)   No license required to generate encrypted Nios II/e.
Info: cpu: # 2017.05.22 00:54:16 (*)   Elaborating CPU configuration settings
Info: cpu: # 2017.05.22 00:54:16 (*)   Creating all objects for CPU
Info: cpu: # 2017.05.22 00:54:17 (*)   Generating RTL from CPU objects
Info: cpu: # 2017.05.22 00:54:17 (*)   Creating plain-text RTL
Info: cpu: # 2017.05.22 00:54:18 (*) Done Nios II generation
Info: cpu: Done RTL generation for module 'nios_system_Processor2_cpu'
Info: cpu: "Processor2" instantiated altera_nios2_gen2_unit "cpu"
Info: sys_pll: "System_PLL" instantiated altera_up_altpll "sys_pll"
Info: reset_from_locked: "System_PLL" instantiated altera_up_avalon_reset_from_locked_signal "reset_from_locked"
Info: Processor1_data_master_translator: "mm_interconnect_0" instantiated altera_merlin_master_translator "Processor1_data_master_translator"
Info: Audio_Subsystem_audio_slave_translator: "mm_interconnect_0" instantiated altera_merlin_slave_translator "Audio_Subsystem_audio_slave_translator"
Info: Processor1_data_master_agent: "mm_interconnect_0" instantiated altera_merlin_master_agent "Processor1_data_master_agent"
Info: Audio_Subsystem_audio_slave_agent: "mm_interconnect_0" instantiated altera_merlin_slave_agent "Audio_Subsystem_audio_slave_agent"
Info: router: "mm_interconnect_0" instantiated altera_merlin_router "router"
Info: router_001: "mm_interconnect_0" instantiated altera_merlin_router "router_001"
Info: router_002: "mm_interconnect_0" instantiated altera_merlin_router "router_002"
Info: router_003: "mm_interconnect_0" instantiated altera_merlin_router "router_003"
Info: router_004: "mm_interconnect_0" instantiated altera_merlin_router "router_004"
Info: router_005: "mm_interconnect_0" instantiated altera_merlin_router "router_005"
Info: router_007: "mm_interconnect_0" instantiated altera_merlin_router "router_007"
Info: router_014: "mm_interconnect_0" instantiated altera_merlin_router "router_014"
Info: router_017: "mm_interconnect_0" instantiated altera_merlin_router "router_017"
Info: router_018: "mm_interconnect_0" instantiated altera_merlin_router "router_018"
Info: router_022: "mm_interconnect_0" instantiated altera_merlin_router "router_022"
Info: router_023: "mm_interconnect_0" instantiated altera_merlin_router "router_023"
Info: JTAG_to_FPGA_Bridge_master_limiter: "mm_interconnect_0" instantiated altera_merlin_traffic_limiter "JTAG_to_FPGA_Bridge_master_limiter"
Info: Reusing file D:/NIOS-System2.0/NIOS/nios_system/synthesis/submodules/altera_avalon_sc_fifo.v
Info: Reusing file D:/NIOS-System2.0/NIOS/nios_system/synthesis/submodules/altera_avalon_st_pipeline_base.v
Info: SRAM_avalon_sram_slave_burst_adapter: "mm_interconnect_0" instantiated altera_merlin_burst_adapter "SRAM_avalon_sram_slave_burst_adapter"
Info: Reusing file D:/NIOS-System2.0/NIOS/nios_system/synthesis/submodules/altera_avalon_st_pipeline_stage.sv
Info: Reusing file D:/NIOS-System2.0/NIOS/nios_system/synthesis/submodules/altera_avalon_st_pipeline_base.v
Info: cmd_demux: "mm_interconnect_0" instantiated altera_merlin_demultiplexer "cmd_demux"
Info: cmd_demux_002: "mm_interconnect_0" instantiated altera_merlin_demultiplexer "cmd_demux_002"
Info: cmd_demux_003: "mm_interconnect_0" instantiated altera_merlin_demultiplexer "cmd_demux_003"
Info: cmd_mux: "mm_interconnect_0" instantiated altera_merlin_multiplexer "cmd_mux"
Info: cmd_mux_002: "mm_interconnect_0" instantiated altera_merlin_multiplexer "cmd_mux_002"
Info: Reusing file D:/NIOS-System2.0/NIOS/nios_system/synthesis/submodules/altera_merlin_arbitrator.sv
Info: cmd_mux_009: "mm_interconnect_0" instantiated altera_merlin_multiplexer "cmd_mux_009"
Info: Reusing file D:/NIOS-System2.0/NIOS/nios_system/synthesis/submodules/altera_merlin_arbitrator.sv
Info: cmd_mux_017: "mm_interconnect_0" instantiated altera_merlin_multiplexer "cmd_mux_017"
Info: Reusing file D:/NIOS-System2.0/NIOS/nios_system/synthesis/submodules/altera_merlin_arbitrator.sv
Info: rsp_demux: "mm_interconnect_0" instantiated altera_merlin_demultiplexer "rsp_demux"
Info: rsp_demux_002: "mm_interconnect_0" instantiated altera_merlin_demultiplexer "rsp_demux_002"
Info: rsp_demux_009: "mm_interconnect_0" instantiated altera_merlin_demultiplexer "rsp_demux_009"
Info: rsp_demux_017: "mm_interconnect_0" instantiated altera_merlin_demultiplexer "rsp_demux_017"
Info: rsp_mux: "mm_interconnect_0" instantiated altera_merlin_multiplexer "rsp_mux"
Info: Reusing file D:/NIOS-System2.0/NIOS/nios_system/synthesis/submodules/altera_merlin_arbitrator.sv
Info: rsp_mux_002: "mm_interconnect_0" instantiated altera_merlin_multiplexer "rsp_mux_002"
Info: Reusing file D:/NIOS-System2.0/NIOS/nios_system/synthesis/submodules/altera_merlin_arbitrator.sv
Info: rsp_mux_003: "mm_interconnect_0" instantiated altera_merlin_multiplexer "rsp_mux_003"
Info: Reusing file D:/NIOS-System2.0/NIOS/nios_system/synthesis/submodules/altera_merlin_arbitrator.sv
Info: SRAM_avalon_sram_slave_rsp_width_adapter: "mm_interconnect_0" instantiated altera_merlin_width_adapter "SRAM_avalon_sram_slave_rsp_width_adapter"
Info: Reusing file D:/NIOS-System2.0/NIOS/nios_system/synthesis/submodules/altera_merlin_address_alignment.sv
Info: Reusing file D:/NIOS-System2.0/NIOS/nios_system/synthesis/submodules/altera_merlin_burst_uncompressor.sv
Info: avalon_st_adapter: "mm_interconnect_0" instantiated altera_avalon_st_adapter "avalon_st_adapter"
Info: avalon_st_adapter_009: "mm_interconnect_0" instantiated altera_avalon_st_adapter "avalon_st_adapter_009"
Info: timing_adapter_0: "avalon_st_adapter" instantiated timing_adapter "timing_adapter_0"
Info: error_adapter_0: "avalon_st_adapter" instantiated error_adapter "error_adapter_0"
Info: error_adapter_0: "avalon_st_adapter_009" instantiated error_adapter "error_adapter_0"
Info: nios_system: Done "nios_system" with 83 modules, 154 files
Info: qsys-generate succeeded.
Info: Finished: Create HDL design files for synthesis
