Flow report for Camera
Wed May 10 15:04:25 2017
Quartus Prime Version 16.0.0 Build 211 04/27/2016 SJ Lite Edition


---------------------
; Table of Contents ;
---------------------
  1. Legal Notice
  2. Flow Summary
  3. Flow Settings
  4. Flow Non-Default Global Settings
  5. Flow Elapsed Time
  6. Flow OS Summary
  7. Flow Log
  8. Flow Messages
  9. Flow Suppressed Messages



----------------
; Legal Notice ;
----------------
Copyright (C) 1991-2016 Altera Corporation. All rights reserved.
Your use of Altera Corporation's design tools, logic functions 
and other software and tools, and its AMPP partner logic 
functions, and any output files from any of the foregoing 
(including device programming or simulation files), and any 
associated documentation or information are expressly subject 
to the terms and conditions of the Altera Program License 
Subscription Agreement, the Altera Quartus Prime License Agreement,
the Altera MegaCore Function License Agreement, or other 
applicable license agreement, including, without limitation, 
that your use is for the sole purpose of programming logic 
devices manufactured by Altera and sold by Altera or its 
authorized distributors.  Please refer to the applicable 
agreement for further details.



+----------------------------------------------------------------------------------+
; Flow Summary                                                                     ;
+------------------------------------+---------------------------------------------+
; Flow Status                        ; Successful - Wed May 10 15:04:22 2017       ;
; Quartus Prime Version              ; 16.0.0 Build 211 04/27/2016 SJ Lite Edition ;
; Revision Name                      ; Camera                                      ;
; Top-level Entity Name              ; Camera                                      ;
; Family                             ; Cyclone IV E                                ;
; Device                             ; EP4CE115F29C7                               ;
; Timing Models                      ; Final                                       ;
; Total logic elements               ; 807 / 114,480 ( < 1 % )                     ;
;     Total combinational functions  ; 786 / 114,480 ( < 1 % )                     ;
;     Dedicated logic registers      ; 27 / 114,480 ( < 1 % )                      ;
; Total registers                    ; 27                                          ;
; Total pins                         ; 64 / 529 ( 12 % )                           ;
; Total virtual pins                 ; 0                                           ;
; Total memory bits                  ; 0 / 3,981,312 ( 0 % )                       ;
; Embedded Multiplier 9-bit elements ; 0 / 532 ( 0 % )                             ;
; Total PLLs                         ; 0 / 4 ( 0 % )                               ;
+------------------------------------+---------------------------------------------+


+-----------------------------------------+
; Flow Settings                           ;
+-------------------+---------------------+
; Option            ; Setting             ;
+-------------------+---------------------+
; Start date & time ; 05/10/2017 15:03:45 ;
; Main task         ; Compilation         ;
; Revision Name     ; Camera              ;
+-------------------+---------------------+


+-----------------------------------------------------------------------------------------------------------+
; Flow Non-Default Global Settings                                                                          ;
+-------------------------------------+-----------------------+---------------+----------------+------------+
; Assignment Name                     ; Value                 ; Default Value ; Entity Name    ; Section Id ;
+-------------------------------------+-----------------------+---------------+----------------+------------+
; COMPILER_SIGNATURE_ID               ; 0.149442142518753     ; --            ; --             ; --         ;
; MAX_CORE_JUNCTION_TEMP              ; 85                    ; --            ; --             ; --         ;
; MIN_CORE_JUNCTION_TEMP              ; 0                     ; --            ; --             ; --         ;
; NOMINAL_CORE_SUPPLY_VOLTAGE         ; 1.2V                  ; --            ; --             ; --         ;
; PARTITION_COLOR                     ; 16764057              ; --            ; --             ; Top        ;
; PARTITION_COLOR                     ; 16764057              ; --            ; DE2_115_CAMERA ; Top        ;
; PARTITION_FITTER_PRESERVATION_LEVEL ; PLACEMENT_AND_ROUTING ; --            ; --             ; Top        ;
; PARTITION_FITTER_PRESERVATION_LEVEL ; PLACEMENT_AND_ROUTING ; --            ; DE2_115_CAMERA ; Top        ;
; PARTITION_NETLIST_TYPE              ; SOURCE                ; --            ; --             ; Top        ;
; PARTITION_NETLIST_TYPE              ; SOURCE                ; --            ; DE2_115_CAMERA ; Top        ;
; PROJECT_OUTPUT_DIRECTORY            ; output_files          ; --            ; --             ; --         ;
+-------------------------------------+-----------------------+---------------+----------------+------------+


+-------------------------------------------------------------------------------------------------------------------------------+
; Flow Elapsed Time                                                                                                             ;
+---------------------------+--------------+-------------------------+---------------------+------------------------------------+
; Module Name               ; Elapsed Time ; Average Processors Used ; Peak Virtual Memory ; Total CPU Time (on all processors) ;
+---------------------------+--------------+-------------------------+---------------------+------------------------------------+
; Analysis & Synthesis      ; 00:00:16     ; 1.0                     ; 1285 MB             ; 00:00:38                           ;
; Fitter                    ; 00:00:14     ; 1.0                     ; 1571 MB             ; 00:00:17                           ;
; Assembler                 ; 00:00:04     ; 1.0                     ; 1074 MB             ; 00:00:04                           ;
; TimeQuest Timing Analyzer ; 00:00:02     ; 1.0                     ; 1163 MB             ; 00:00:02                           ;
; Total                     ; 00:00:36     ; --                      ; --                  ; 00:01:01                           ;
+---------------------------+--------------+-------------------------+---------------------+------------------------------------+


+-----------------------------------------------------------------------------------------+
; Flow OS Summary                                                                         ;
+---------------------------+------------------+------------+------------+----------------+
; Module Name               ; Machine Hostname ; OS Name    ; OS Version ; Processor type ;
+---------------------------+------------------+------------+------------+----------------+
; Analysis & Synthesis      ; archpad          ; Arch Linux ; Arch Linux ; x86_64         ;
; Fitter                    ; archpad          ; Arch Linux ; Arch Linux ; x86_64         ;
; Assembler                 ; archpad          ; Arch Linux ; Arch Linux ; x86_64         ;
; TimeQuest Timing Analyzer ; archpad          ; Arch Linux ; Arch Linux ; x86_64         ;
+---------------------------+------------------+------------+------------+----------------+


------------
; Flow Log ;
------------
quartus_map --read_settings_files=on --write_settings_files=off Camera -c Camera
quartus_fit --read_settings_files=off --write_settings_files=off Camera -c Camera
quartus_asm --read_settings_files=off --write_settings_files=off Camera -c Camera
quartus_sta Camera -c Camera



