Flow report for DE2_115_CAMERA
Wed May 24 14:27:13 2017
Quartus Prime Version 16.1.0 Build 196 10/24/2016 SJ Lite Edition


---------------------
; Table of Contents ;
---------------------
  1. Legal Notice
  2. Flow Summary
  3. Flow Settings
  4. Flow Non-Default Global Settings
  5. Flow Elapsed Time
  6. Flow OS Summary
  7. Flow Log
  8. Flow Messages
  9. Flow Suppressed Messages



----------------
; Legal Notice ;
----------------
Copyright (C) 2016  Intel Corporation. All rights reserved.
Your use of Intel Corporation's design tools, logic functions 
and other software and tools, and its AMPP partner logic 
functions, and any output files from any of the foregoing 
(including device programming or simulation files), and any 
associated documentation or information are expressly subject 
to the terms and conditions of the Intel Program License 
Subscription Agreement, the Intel Quartus Prime License Agreement,
the Intel MegaCore Function License Agreement, or other 
applicable license agreement, including, without limitation, 
that your use is for the sole purpose of programming logic 
devices manufactured by Intel and sold by Intel or its 
authorized distributors.  Please refer to the applicable 
agreement for further details.



+----------------------------------------------------------------------------------+
; Flow Summary                                                                     ;
+------------------------------------+---------------------------------------------+
; Flow Status                        ; Successful - Wed May 24 14:27:07 2017       ;
; Quartus Prime Version              ; 16.1.0 Build 196 10/24/2016 SJ Lite Edition ;
; Revision Name                      ; DE2_115_CAMERA                              ;
; Top-level Entity Name              ; DE2_115_CAMERA                              ;
; Family                             ; Cyclone IV E                                ;
; Device                             ; EP4CE115F29C7                               ;
; Timing Models                      ; Final                                       ;
; Total logic elements               ; 1,798 / 114,480 ( 2 % )                     ;
;     Total combinational functions  ; 1,502 / 114,480 ( 1 % )                     ;
;     Dedicated logic registers      ; 1,155 / 114,480 ( 1 % )                     ;
; Total registers                    ; 1155                                        ;
; Total pins                         ; 428 / 529 ( 81 % )                          ;
; Total virtual pins                 ; 0                                           ;
; Total memory bits                  ; 57,400 / 3,981,312 ( 1 % )                  ;
; Embedded Multiplier 9-bit elements ; 0 / 532 ( 0 % )                             ;
; Total PLLs                         ; 1 / 4 ( 25 % )                              ;
+------------------------------------+---------------------------------------------+


+-----------------------------------------+
; Flow Settings                           ;
+-------------------+---------------------+
; Option            ; Setting             ;
+-------------------+---------------------+
; Start date & time ; 05/24/2017 14:26:11 ;
; Main task         ; Compilation         ;
; Revision Name     ; DE2_115_CAMERA      ;
+-------------------+---------------------+


+-------------------------------------------------------------------------------------------------------------------------+
; Flow Non-Default Global Settings                                                                                        ;
+-------------------------------------+----------------------------------------+---------------+-------------+------------+
; Assignment Name                     ; Value                                  ; Default Value ; Entity Name ; Section Id ;
+-------------------------------------+----------------------------------------+---------------+-------------+------------+
; COMPILER_SIGNATURE_ID               ; 114448698033714.149562877103492        ; --            ; --          ; --         ;
; ENABLE_SIGNALTAP                    ; Off                                    ; --            ; --          ; --         ;
; MISC_FILE                           ; v/sdram_pll.bsf                        ; --            ; --          ; --         ;
; MISC_FILE                           ; v/sdram_pll.ppf                        ; --            ; --          ; --         ;
; MISC_FILE                           ; v/Line_Buffer1.bsf                     ; --            ; --          ; --         ;
; PARTITION_COLOR                     ; -- (Not supported for targeted family) ; --            ; --          ; Top        ;
; PARTITION_FITTER_PRESERVATION_LEVEL ; -- (Not supported for targeted family) ; --            ; --          ; Top        ;
; PARTITION_NETLIST_TYPE              ; -- (Not supported for targeted family) ; --            ; --          ; Top        ;
; USE_SIGNALTAP_FILE                  ; stp1.stp                               ; --            ; --          ; --         ;
+-------------------------------------+----------------------------------------+---------------+-------------+------------+


+-------------------------------------------------------------------------------------------------------------------------------+
; Flow Elapsed Time                                                                                                             ;
+---------------------------+--------------+-------------------------+---------------------+------------------------------------+
; Module Name               ; Elapsed Time ; Average Processors Used ; Peak Virtual Memory ; Total CPU Time (on all processors) ;
+---------------------------+--------------+-------------------------+---------------------+------------------------------------+
; Analysis & Synthesis      ; 00:00:21     ; 1.0                     ; 707 MB              ; 00:00:39                           ;
; Fitter                    ; 00:00:28     ; 1.0                     ; 1530 MB             ; 00:00:43                           ;
; Assembler                 ; 00:00:04     ; 1.0                     ; 568 MB              ; 00:00:04                           ;
; TimeQuest Timing Analyzer ; 00:00:05     ; 1.1                     ; 734 MB              ; 00:00:05                           ;
; Total                     ; 00:00:58     ; --                      ; --                  ; 00:01:31                           ;
+---------------------------+--------------+-------------------------+---------------------+------------------------------------+


+-----------------------------------------------------------------------------------------+
; Flow OS Summary                                                                         ;
+---------------------------+------------------+------------+------------+----------------+
; Module Name               ; Machine Hostname ; OS Name    ; OS Version ; Processor type ;
+---------------------------+------------------+------------+------------+----------------+
; Analysis & Synthesis      ; gebruiker        ; Windows 10 ; 10.0       ; x86_64         ;
; Fitter                    ; gebruiker        ; Windows 10 ; 10.0       ; x86_64         ;
; Assembler                 ; gebruiker        ; Windows 10 ; 10.0       ; x86_64         ;
; TimeQuest Timing Analyzer ; gebruiker        ; Windows 10 ; 10.0       ; x86_64         ;
+---------------------------+------------------+------------+------------+----------------+


------------
; Flow Log ;
------------
quartus_map --read_settings_files=on --write_settings_files=off DE2_115_CAMERA -c DE2_115_CAMERA
quartus_fit --read_settings_files=off --write_settings_files=off DE2_115_CAMERA -c DE2_115_CAMERA
quartus_asm --read_settings_files=off --write_settings_files=off DE2_115_CAMERA -c DE2_115_CAMERA
quartus_sta DE2_115_CAMERA -c DE2_115_CAMERA



