Flow report for DE2_Audio_Example
Wed May  3 13:13:50 2017
Quartus Prime Version 16.0.0 Build 211 04/27/2016 SJ Lite Edition


---------------------
; Table of Contents ;
---------------------
  1. Legal Notice
  2. Flow Summary
  3. Flow Settings
  4. Flow Non-Default Global Settings
  5. Flow Elapsed Time
  6. Flow OS Summary
  7. Flow Log
  8. Flow Messages
  9. Flow Suppressed Messages



----------------
; Legal Notice ;
----------------
Copyright (C) 1991-2016 Altera Corporation. All rights reserved.
Your use of Altera Corporation's design tools, logic functions 
and other software and tools, and its AMPP partner logic 
functions, and any output files from any of the foregoing 
(including device programming or simulation files), and any 
associated documentation or information are expressly subject 
to the terms and conditions of the Altera Program License 
Subscription Agreement, the Altera Quartus Prime License Agreement,
the Altera MegaCore Function License Agreement, or other 
applicable license agreement, including, without limitation, 
that your use is for the sole purpose of programming logic 
devices manufactured by Altera and sold by Altera or its 
authorized distributors.  Please refer to the applicable 
agreement for further details.



+----------------------------------------------------------------------------------+
; Flow Summary                                                                     ;
+------------------------------------+---------------------------------------------+
; Flow Status                        ; Successful - Wed May  3 13:13:47 2017       ;
; Quartus Prime Version              ; 16.0.0 Build 211 04/27/2016 SJ Lite Edition ;
; Revision Name                      ; DE2_Audio_Example                           ;
; Top-level Entity Name              ; DE2_Audio_Example                           ;
; Family                             ; Cyclone IV E                                ;
; Device                             ; EP4CE115F29C7                               ;
; Timing Models                      ; Final                                       ;
; Total logic elements               ; 909 / 114,480 ( < 1 % )                     ;
;     Total combinational functions  ; 906 / 114,480 ( < 1 % )                     ;
;     Dedicated logic registers      ; 159 / 114,480 ( < 1 % )                     ;
; Total registers                    ; 159                                         ;
; Total pins                         ; 64 / 529 ( 12 % )                           ;
; Total virtual pins                 ; 0                                           ;
; Total memory bits                  ; 3,584 / 3,981,312 ( < 1 % )                 ;
; Embedded Multiplier 9-bit elements ; 0 / 532 ( 0 % )                             ;
; Total PLLs                         ; 1 / 4 ( 25 % )                              ;
+------------------------------------+---------------------------------------------+


+-----------------------------------------+
; Flow Settings                           ;
+-------------------+---------------------+
; Option            ; Setting             ;
+-------------------+---------------------+
; Start date & time ; 05/03/2017 13:12:55 ;
; Main task         ; Compilation         ;
; Revision Name     ; DE2_Audio_Example   ;
+-------------------+---------------------+


+--------------------------------------------------------------------------------------------------------+
; Flow Non-Default Global Settings                                                                       ;
+-------------------------------------+-----------------------+---------------+-------------+------------+
; Assignment Name                     ; Value                 ; Default Value ; Entity Name ; Section Id ;
+-------------------------------------+-----------------------+---------------+-------------+------------+
; COMPILER_SIGNATURE_ID               ; 0.149380997503401     ; --            ; --          ; --         ;
; MAX_CORE_JUNCTION_TEMP              ; 85                    ; --            ; --          ; --         ;
; MIN_CORE_JUNCTION_TEMP              ; 0                     ; --            ; --          ; --         ;
; PARTITION_COLOR                     ; 2147039               ; --            ; --          ; Top        ;
; PARTITION_FITTER_PRESERVATION_LEVEL ; PLACEMENT_AND_ROUTING ; --            ; --          ; Top        ;
; PARTITION_NETLIST_TYPE              ; SOURCE                ; --            ; --          ; Top        ;
; USE_GENERATED_PHYSICAL_CONSTRAINTS  ; Off                   ; --            ; --          ; eda_palace ;
; VERILOG_INPUT_VERSION               ; SystemVerilog_2005    ; Verilog_2001  ; --          ; --         ;
; VERILOG_SHOW_LMF_MAPPING_MESSAGES   ; Off                   ; --            ; --          ; --         ;
+-------------------------------------+-----------------------+---------------+-------------+------------+


+-------------------------------------------------------------------------------------------------------------------------------+
; Flow Elapsed Time                                                                                                             ;
+---------------------------+--------------+-------------------------+---------------------+------------------------------------+
; Module Name               ; Elapsed Time ; Average Processors Used ; Peak Virtual Memory ; Total CPU Time (on all processors) ;
+---------------------------+--------------+-------------------------+---------------------+------------------------------------+
; Analysis & Synthesis      ; 00:00:23     ; 1.0                     ; 1311 MB             ; 00:00:44                           ;
; Fitter                    ; 00:00:23     ; 1.0                     ; 1581 MB             ; 00:00:25                           ;
; Assembler                 ; 00:00:04     ; 1.0                     ; 1077 MB             ; 00:00:04                           ;
; TimeQuest Timing Analyzer ; 00:00:02     ; 1.0                     ; 1168 MB             ; 00:00:03                           ;
; Total                     ; 00:00:52     ; --                      ; --                  ; 00:01:16                           ;
+---------------------------+--------------+-------------------------+---------------------+------------------------------------+


+-----------------------------------------------------------------------------------------+
; Flow OS Summary                                                                         ;
+---------------------------+------------------+------------+------------+----------------+
; Module Name               ; Machine Hostname ; OS Name    ; OS Version ; Processor type ;
+---------------------------+------------------+------------+------------+----------------+
; Analysis & Synthesis      ; archpad          ; Arch Linux ; Arch Linux ; x86_64         ;
; Fitter                    ; archpad          ; Arch Linux ; Arch Linux ; x86_64         ;
; Assembler                 ; archpad          ; Arch Linux ; Arch Linux ; x86_64         ;
; TimeQuest Timing Analyzer ; archpad          ; Arch Linux ; Arch Linux ; x86_64         ;
+---------------------------+------------------+------------+------------+----------------+


------------
; Flow Log ;
------------
quartus_map --read_settings_files=on --write_settings_files=off DE2_Audio_Example -c DE2_Audio_Example
quartus_fit --read_settings_files=off --write_settings_files=off DE2_Audio_Example -c DE2_Audio_Example
quartus_asm --read_settings_files=off --write_settings_files=off DE2_Audio_Example -c DE2_Audio_Example
quartus_sta DE2_Audio_Example -c DE2_Audio_Example



