Info: Starting: Create block symbol file (.bsf)
Info: qsys-generate D:\NIOS-System2.0\NIOS\nios_system2.qsys --block-symbol-file --output-directory=D:\NIOS-System2.0\NIOS\nios_system2 --family="Cyclone IV E" --part=EP4CE115F29C7
Progress: Loading NIOS/nios_system2.qsys
Progress: Reading input file
Progress: Adding AV_Config [altera_up_avalon_audio_and_video_config 16.1]
Progress: Parameterizing module AV_Config
Progress: Adding Audio_Subsystem [Audio_Subsystem 1.0]
Progress: Parameterizing module Audio_Subsystem
Progress: Adding Camera [Video_In_Subsystem 1.0]
Progress: Parameterizing module Camera
Progress: Adding Flash [Altera_UP_Flash_Memory_IP_Core_Avalon_Interface 16.1]
Progress: Parameterizing module Flash
Progress: Adding GPIO [altera_up_avalon_parallel_port 16.1]
Progress: Parameterizing module GPIO
Progress: Adding Green_Leds [altera_up_avalon_parallel_port 16.1]
Progress: Parameterizing module Green_Leds
Progress: Adding Interval_timer [altera_avalon_timer 16.1]
Progress: Parameterizing module Interval_timer
Progress: Adding JTAG_Processor1 [altera_avalon_jtag_uart 16.1]
Progress: Parameterizing module JTAG_Processor1
Progress: Adding JTAG_Processor2 [altera_avalon_jtag_uart 16.1]
Progress: Parameterizing module JTAG_Processor2
Progress: Adding JTAG_to_FPGA [altera_jtag_avalon_master 16.1]
Progress: Parameterizing module JTAG_to_FPGA
Progress: Adding Processor1 [altera_nios2_gen2 16.1]
Progress: Parameterizing module Processor1
Progress: Adding Processor2 [altera_nios2_gen2 16.1]
Progress: Parameterizing module Processor2
Progress: Adding Processor_1_floating_point [altera_nios_custom_instr_floating_point 16.1]
Progress: Parameterizing module Processor_1_floating_point
Progress: Adding Processor_2_floating_point [altera_nios_custom_instr_floating_point 16.1]
Progress: Parameterizing module Processor_2_floating_point
Progress: Adding Pushbuttons [altera_up_avalon_parallel_port 16.1]
Progress: Parameterizing module Pushbuttons
Progress: Adding Red_Leds [altera_up_avalon_parallel_port 16.1]
Progress: Parameterizing module Red_Leds
Progress: Adding SDRAM [altera_avalon_new_sdram_controller 16.1]
Progress: Parameterizing module SDRAM
Progress: Adding SRAM [altera_up_avalon_sram 16.1]
Progress: Parameterizing module SRAM
Progress: Adding Switches [altera_up_avalon_parallel_port 16.1]
Progress: Parameterizing module Switches
Progress: Adding SysID [altera_avalon_sysid_qsys 16.1]
Progress: Parameterizing module SysID
Progress: Adding System_PLL [altera_up_avalon_sys_sdram_pll 16.1]
Progress: Parameterizing module System_PLL
Progress: Adding UART [altera_up_avalon_rs232 16.1]
Progress: Parameterizing module UART
Progress: Building connections
Progress: Parameterizing connections
Progress: Validating
Progress: Done reading input file
Info: nios_system2.Camera.Video_In: Video In Stream: Format: 2592 x 1944 (default) with Colour: 8 (bits) x 1 (planes) (RGB Bayer Pattern)
Info: nios_system2.Camera.Video_In_Bayer_Resampler: Change in Resolution: 2592 x 1944 -> 1296 x 972
Info: nios_system2.Camera.Video_In_Bayer_Resampler.avalon_bayer_source/D5M_Camera_0.avalon_streaming_sink: The source has a ready signal of 1 bits, but the sink does not. Avalon-ST Adapter will be inserted.
Info: nios_system2.JTAG_Processor1: JTAG UART IP input clock need to be at least double (2x) the operating frequency of JTAG TCK on board
Info: nios_system2.JTAG_Processor2: JTAG UART IP input clock need to be at least double (2x) the operating frequency of JTAG TCK on board
Info: nios_system2.SDRAM: SDRAM Controller will only be supported in Quartus Prime Standard Edition in the future release.
Info: nios_system2.SysID: System ID is not assigned automatically. Edit the System ID parameter to provide a unique ID
Info: nios_system2.SysID: Time stamp will be automatically updated when this component is generated.
Info: nios_system2.System_PLL: Refclk Freq: 50.0
Info: qsys-generate succeeded.
Info: Finished: Create block symbol file (.bsf)
Info: 
Info: Starting: Create HDL design files for synthesis
Info: qsys-generate D:\NIOS-System2.0\NIOS\nios_system2.qsys --synthesis=VHDL --output-directory=D:\NIOS-System2.0\NIOS\nios_system2\synthesis --family="Cyclone IV E" --part=EP4CE115F29C7
Progress: Loading NIOS/nios_system2.qsys
Progress: Reading input file
Progress: Adding AV_Config [altera_up_avalon_audio_and_video_config 16.1]
Progress: Parameterizing module AV_Config
Progress: Adding Audio_Subsystem [Audio_Subsystem 1.0]
Progress: Parameterizing module Audio_Subsystem
Progress: Adding Camera [Video_In_Subsystem 1.0]
Progress: Parameterizing module Camera
Progress: Adding Flash [Altera_UP_Flash_Memory_IP_Core_Avalon_Interface 16.1]
Progress: Parameterizing module Flash
Progress: Adding GPIO [altera_up_avalon_parallel_port 16.1]
Progress: Parameterizing module GPIO
Progress: Adding Green_Leds [altera_up_avalon_parallel_port 16.1]
Progress: Parameterizing module Green_Leds
Progress: Adding Interval_timer [altera_avalon_timer 16.1]
Progress: Parameterizing module Interval_timer
Progress: Adding JTAG_Processor1 [altera_avalon_jtag_uart 16.1]
Progress: Parameterizing module JTAG_Processor1
Progress: Adding JTAG_Processor2 [altera_avalon_jtag_uart 16.1]
Progress: Parameterizing module JTAG_Processor2
Progress: Adding JTAG_to_FPGA [altera_jtag_avalon_master 16.1]
Progress: Parameterizing module JTAG_to_FPGA
Progress: Adding Processor1 [altera_nios2_gen2 16.1]
Progress: Parameterizing module Processor1
Progress: Adding Processor2 [altera_nios2_gen2 16.1]
Progress: Parameterizing module Processor2
Progress: Adding Processor_1_floating_point [altera_nios_custom_instr_floating_point 16.1]
Progress: Parameterizing module Processor_1_floating_point
Progress: Adding Processor_2_floating_point [altera_nios_custom_instr_floating_point 16.1]
Progress: Parameterizing module Processor_2_floating_point
Progress: Adding Pushbuttons [altera_up_avalon_parallel_port 16.1]
Progress: Parameterizing module Pushbuttons
Progress: Adding Red_Leds [altera_up_avalon_parallel_port 16.1]
Progress: Parameterizing module Red_Leds
Progress: Adding SDRAM [altera_avalon_new_sdram_controller 16.1]
Progress: Parameterizing module SDRAM
Progress: Adding SRAM [altera_up_avalon_sram 16.1]
Progress: Parameterizing module SRAM
Progress: Adding Switches [altera_up_avalon_parallel_port 16.1]
Progress: Parameterizing module Switches
Progress: Adding SysID [altera_avalon_sysid_qsys 16.1]
Progress: Parameterizing module SysID
Progress: Adding System_PLL [altera_up_avalon_sys_sdram_pll 16.1]
Progress: Parameterizing module System_PLL
Progress: Adding UART [altera_up_avalon_rs232 16.1]
Progress: Parameterizing module UART
Progress: Building connections
Progress: Parameterizing connections
Progress: Validating
Progress: Done reading input file
Info: nios_system2.Camera.Video_In: Video In Stream: Format: 2592 x 1944 (default) with Colour: 8 (bits) x 1 (planes) (RGB Bayer Pattern)
Info: nios_system2.Camera.Video_In_Bayer_Resampler: Change in Resolution: 2592 x 1944 -> 1296 x 972
Info: nios_system2.Camera.Video_In_Bayer_Resampler.avalon_bayer_source/D5M_Camera_0.avalon_streaming_sink: The source has a ready signal of 1 bits, but the sink does not. Avalon-ST Adapter will be inserted.
Info: nios_system2.JTAG_Processor1: JTAG UART IP input clock need to be at least double (2x) the operating frequency of JTAG TCK on board
Info: nios_system2.JTAG_Processor2: JTAG UART IP input clock need to be at least double (2x) the operating frequency of JTAG TCK on board
Info: nios_system2.SDRAM: SDRAM Controller will only be supported in Quartus Prime Standard Edition in the future release.
Info: nios_system2.SysID: System ID is not assigned automatically. Edit the System ID parameter to provide a unique ID
Info: nios_system2.SysID: Time stamp will be automatically updated when this component is generated.
Info: nios_system2.System_PLL: Refclk Freq: 50.0
Info: nios_system2: Generating nios_system2 "nios_system2" for QUARTUS_SYNTH
Warning: nios_system2: "No matching role found for Processor2_custom_instruction_master_translator:ci_slave:ci_slave_result (result)"
Warning: nios_system2: "No matching role found for Processor2_custom_instruction_master_multi_xconnect:ci_slave:ci_slave_ipending (ipending)"
Warning: nios_system2: "No matching role found for Processor2_custom_instruction_master_multi_xconnect:ci_slave:ci_slave_estatus (estatus)"
Warning: nios_system2: "No matching role found for Processor1_custom_instruction_master_translator:ci_slave:ci_slave_result (result)"
Warning: nios_system2: "No matching role found for Processor1_custom_instruction_master_multi_xconnect:ci_slave:ci_slave_ipending (ipending)"
Warning: nios_system2: "No matching role found for Processor1_custom_instruction_master_multi_xconnect:ci_slave:ci_slave_estatus (estatus)"
Info: AV_Config: Starting Generation of Audio and Video Config
Info: AV_Config: "nios_system2" instantiated altera_up_avalon_audio_and_video_config "AV_Config"
Info: Audio_Subsystem: "nios_system2" instantiated Audio_Subsystem "Audio_Subsystem"
Info: avalon_st_adapter: Inserting timing_adapter: timing_adapter_0
Info: Camera: "nios_system2" instantiated Video_In_Subsystem "Camera"
Info: Flash: "nios_system2" instantiated Altera_UP_Flash_Memory_IP_Core_Avalon_Interface "Flash"
Info: GPIO: Starting Generation of Parallel Port
Info: GPIO: "nios_system2" instantiated altera_up_avalon_parallel_port "GPIO"
Info: Green_Leds: Starting Generation of Parallel Port
Info: Green_Leds: "nios_system2" instantiated altera_up_avalon_parallel_port "Green_Leds"
Info: Interval_timer: Starting RTL generation for module 'nios_system2_Interval_timer'
Info: Interval_timer:   Generation command is [exec D:/intelFPGA_lite/16.1/quartus/bin64//perl/bin/perl.exe -I D:/intelFPGA_lite/16.1/quartus/bin64//perl/lib -I D:/intelfpga_lite/16.1/quartus/sopc_builder/bin/europa -I D:/intelfpga_lite/16.1/quartus/sopc_builder/bin/perl_lib -I D:/intelfpga_lite/16.1/quartus/sopc_builder/bin -I D:/intelfpga_lite/16.1/quartus/../ip/altera/sopc_builder_ip/common -I D:/intelfpga_lite/16.1/quartus/../ip/altera/sopc_builder_ip/altera_avalon_timer -- D:/intelfpga_lite/16.1/quartus/../ip/altera/sopc_builder_ip/altera_avalon_timer/generate_rtl.pl --name=nios_system2_Interval_timer --dir=C:/Users/Martijn/AppData/Local/Temp/alt7305_6133903630292927193.dir/0089_Interval_timer_gen/ --quartus_dir=D:/intelfpga_lite/16.1/quartus --verilog --config=C:/Users/Martijn/AppData/Local/Temp/alt7305_6133903630292927193.dir/0089_Interval_timer_gen//nios_system2_Interval_timer_component_configuration.pl  --do_build_sim=0  ]
Info: Interval_timer: Done RTL generation for module 'nios_system2_Interval_timer'
Info: Interval_timer: "nios_system2" instantiated altera_avalon_timer "Interval_timer"
Info: JTAG_Processor1: Starting RTL generation for module 'nios_system2_JTAG_Processor1'
Info: JTAG_Processor1:   Generation command is [exec D:/intelfpga_lite/16.1/quartus/bin64/perl/bin/perl.exe -I D:/intelfpga_lite/16.1/quartus/bin64/perl/lib -I D:/intelfpga_lite/16.1/quartus/sopc_builder/bin/europa -I D:/intelfpga_lite/16.1/quartus/sopc_builder/bin/perl_lib -I D:/intelfpga_lite/16.1/quartus/sopc_builder/bin -I D:/intelfpga_lite/16.1/quartus/../ip/altera/sopc_builder_ip/common -I D:/intelfpga_lite/16.1/quartus/../ip/altera/sopc_builder_ip/altera_avalon_jtag_uart -- D:/intelfpga_lite/16.1/quartus/../ip/altera/sopc_builder_ip/altera_avalon_jtag_uart/generate_rtl.pl --name=nios_system2_JTAG_Processor1 --dir=C:/Users/Martijn/AppData/Local/Temp/alt7305_6133903630292927193.dir/0090_JTAG_Processor1_gen/ --quartus_dir=D:/intelfpga_lite/16.1/quartus --verilog --config=C:/Users/Martijn/AppData/Local/Temp/alt7305_6133903630292927193.dir/0090_JTAG_Processor1_gen//nios_system2_JTAG_Processor1_component_configuration.pl  --do_build_sim=0  ]
Info: JTAG_Processor1: Done RTL generation for module 'nios_system2_JTAG_Processor1'
Info: JTAG_Processor1: "nios_system2" instantiated altera_avalon_jtag_uart "JTAG_Processor1"
Info: JTAG_to_FPGA: "nios_system2" instantiated altera_jtag_avalon_master "JTAG_to_FPGA"
Info: Processor1: "nios_system2" instantiated altera_nios2_gen2 "Processor1"
Info: Processor2: "nios_system2" instantiated altera_nios2_gen2 "Processor2"
Info: Processor_1_floating_point: "nios_system2" instantiated altera_nios_custom_instr_floating_point "Processor_1_floating_point"
Info: Pushbuttons: Starting Generation of Parallel Port
Info: Pushbuttons: "nios_system2" instantiated altera_up_avalon_parallel_port "Pushbuttons"
Info: Red_Leds: Starting Generation of Parallel Port
Info: Red_Leds: "nios_system2" instantiated altera_up_avalon_parallel_port "Red_Leds"
Info: SDRAM: Starting RTL generation for module 'nios_system2_SDRAM'
Info: SDRAM:   Generation command is [exec D:/intelfpga_lite/16.1/quartus/bin64/perl/bin/perl.exe -I D:/intelfpga_lite/16.1/quartus/bin64/perl/lib -I D:/intelfpga_lite/16.1/quartus/sopc_builder/bin/europa -I D:/intelfpga_lite/16.1/quartus/sopc_builder/bin/perl_lib -I D:/intelfpga_lite/16.1/quartus/sopc_builder/bin -I D:/intelfpga_lite/16.1/quartus/../ip/altera/sopc_builder_ip/common -I D:/intelfpga_lite/16.1/quartus/../ip/altera/sopc_builder_ip/altera_avalon_new_sdram_controller -- D:/intelfpga_lite/16.1/quartus/../ip/altera/sopc_builder_ip/altera_avalon_new_sdram_controller/generate_rtl.pl --name=nios_system2_SDRAM --dir=C:/Users/Martijn/AppData/Local/Temp/alt7305_6133903630292927193.dir/0093_SDRAM_gen/ --quartus_dir=D:/intelfpga_lite/16.1/quartus --verilog --config=C:/Users/Martijn/AppData/Local/Temp/alt7305_6133903630292927193.dir/0093_SDRAM_gen//nios_system2_SDRAM_component_configuration.pl  --do_build_sim=0  ]
Info: SDRAM: Done RTL generation for module 'nios_system2_SDRAM'
Info: SDRAM: "nios_system2" instantiated altera_avalon_new_sdram_controller "SDRAM"
Info: SRAM: Starting Generation of SRAM or SSRAM Controller
Info: SRAM: "nios_system2" instantiated altera_up_avalon_sram "SRAM"
Info: Switches: Starting Generation of Parallel Port
Info: Switches: "nios_system2" instantiated altera_up_avalon_parallel_port "Switches"
Info: SysID: "nios_system2" instantiated altera_avalon_sysid_qsys "SysID"
Info: System_PLL: "nios_system2" instantiated altera_up_avalon_sys_sdram_pll "System_PLL"
Info: UART: Starting Generation of RS232 UART
Info: UART: "nios_system2" instantiated altera_up_avalon_rs232 "UART"
Info: Processor2_custom_instruction_master_translator: "nios_system2" instantiated altera_customins_master_translator "Processor2_custom_instruction_master_translator"
Info: Processor2_custom_instruction_master_multi_xconnect: "nios_system2" instantiated altera_customins_xconnect "Processor2_custom_instruction_master_multi_xconnect"
Info: Processor2_custom_instruction_master_multi_slave_translator0: "nios_system2" instantiated altera_customins_slave_translator "Processor2_custom_instruction_master_multi_slave_translator0"
Info: avalon_st_adapter: Inserting error_adapter: error_adapter_0
Info: avalon_st_adapter_001: Inserting error_adapter: error_adapter_0
Info: avalon_st_adapter_002: Inserting error_adapter: error_adapter_0
Info: avalon_st_adapter_003: Inserting error_adapter: error_adapter_0
Info: avalon_st_adapter_004: Inserting error_adapter: error_adapter_0
Info: avalon_st_adapter_005: Inserting error_adapter: error_adapter_0
Info: avalon_st_adapter_006: Inserting error_adapter: error_adapter_0
Info: avalon_st_adapter_007: Inserting error_adapter: error_adapter_0
Info: avalon_st_adapter_008: Inserting error_adapter: error_adapter_0
Info: avalon_st_adapter_009: Inserting error_adapter: error_adapter_0
Info: avalon_st_adapter_010: Inserting error_adapter: error_adapter_0
Info: avalon_st_adapter_011: Inserting error_adapter: error_adapter_0
Info: avalon_st_adapter_012: Inserting error_adapter: error_adapter_0
Info: avalon_st_adapter_013: Inserting error_adapter: error_adapter_0
Info: avalon_st_adapter_014: Inserting error_adapter: error_adapter_0
Info: avalon_st_adapter_015: Inserting error_adapter: error_adapter_0
Info: avalon_st_adapter_016: Inserting error_adapter: error_adapter_0
Info: avalon_st_adapter_017: Inserting error_adapter: error_adapter_0
Info: avalon_st_adapter_018: Inserting error_adapter: error_adapter_0
Info: mm_interconnect_0: "nios_system2" instantiated altera_mm_interconnect "mm_interconnect_0"
Info: irq_mapper: "nios_system2" instantiated altera_irq_mapper "irq_mapper"
Info: irq_mapper_001: "nios_system2" instantiated altera_irq_mapper "irq_mapper_001"
Info: rst_controller: "nios_system2" instantiated altera_reset_controller "rst_controller"
Info: Audio: Starting Generation of Audio Controller
Info: Audio: "Audio_Subsystem" instantiated altera_up_avalon_audio "Audio"
Warning: Overwriting different file D:/NIOS-System2.0/NIOS/nios_system2/synthesis/submodules/altera_up_sync_fifo.v
Info: Audio_PLL: "Audio_Subsystem" instantiated altera_up_avalon_audio_pll "Audio_PLL"
Info: D5M_Camera_0: "Camera" instantiated D5M_Camera "D5M_Camera_0"
Info: Video_In: Starting Generation of Video In Decoder
Info: Video_In: "Camera" instantiated altera_up_avalon_video_decoder "Video_In"
Info: Video_In_Bayer_Resampler: Starting Generation of Video Bayer Pattern Resampler
Info: Video_In_Bayer_Resampler: "Camera" instantiated altera_up_avalon_video_bayer_resampler "Video_In_Bayer_Resampler"
Info: avalon_st_adapter: "Camera" instantiated altera_avalon_st_adapter "avalon_st_adapter"
Info: jtag_phy_embedded_in_jtag_master: "JTAG_to_FPGA" instantiated altera_jtag_dc_streaming "jtag_phy_embedded_in_jtag_master"
Info: timing_adt: "JTAG_to_FPGA" instantiated timing_adapter "timing_adt"
Info: fifo: "JTAG_to_FPGA" instantiated altera_avalon_sc_fifo "fifo"
Info: b2p: "JTAG_to_FPGA" instantiated altera_avalon_st_bytes_to_packets "b2p"
Info: p2b: "JTAG_to_FPGA" instantiated altera_avalon_st_packets_to_bytes "p2b"
Info: transacto: "JTAG_to_FPGA" instantiated altera_avalon_packets_to_master "transacto"
Info: b2p_adapter: "JTAG_to_FPGA" instantiated channel_adapter "b2p_adapter"
Info: p2b_adapter: "JTAG_to_FPGA" instantiated channel_adapter "p2b_adapter"
Info: cpu: Starting RTL generation for module 'nios_system2_Processor1_cpu'
Info: cpu:   Generation command is [exec D:/intelFPGA_lite/16.1/quartus/bin64//eperlcmd.exe -I D:/intelFPGA_lite/16.1/quartus/bin64//perl/lib -I D:/intelfpga_lite/16.1/quartus/sopc_builder/bin/europa -I D:/intelfpga_lite/16.1/quartus/sopc_builder/bin/perl_lib -I D:/intelfpga_lite/16.1/quartus/sopc_builder/bin -I D:/intelfpga_lite/16.1/quartus/../ip/altera/nios2_ip/altera_nios2_gen2/cpu_lib -I D:/intelfpga_lite/16.1/quartus/../ip/altera/nios2_ip/altera_nios2_gen2/nios_lib -I D:/intelfpga_lite/16.1/quartus/../ip/altera/nios2_ip/altera_nios2_gen2 -I D:/intelfpga_lite/16.1/quartus/../ip/altera/nios2_ip/altera_nios2_gen2 -- D:/intelfpga_lite/16.1/quartus/../ip/altera/nios2_ip/altera_nios2_gen2/generate_rtl.epl --name=nios_system2_Processor1_cpu --dir=C:/Users/Martijn/AppData/Local/Temp/alt7305_6133903630292927193.dir/0116_cpu_gen/ --quartus_bindir=D:/intelFPGA_lite/16.1/quartus/bin64/ --verilog --config=C:/Users/Martijn/AppData/Local/Temp/alt7305_6133903630292927193.dir/0116_cpu_gen//nios_system2_Processor1_cpu_processor_configuration.pl  --do_build_sim=0  ]
Info: cpu: # 2017.05.19 13:41:06 (*) Starting Nios II generation
Info: cpu: # 2017.05.19 13:41:06 (*)   Checking for plaintext license.
Info: cpu: # 2017.05.19 13:41:08 (*)   Couldn't query license setup in Quartus directory D:/intelFPGA_lite/16.1/quartus/bin64/
Info: cpu: # 2017.05.19 13:41:08 (*)   Defaulting to contents of LM_LICENSE_FILE environment variable
Info: cpu: # 2017.05.19 13:41:08 (*)   LM_LICENSE_FILE environment variable is empty
Info: cpu: # 2017.05.19 13:41:08 (*)   Plaintext license not found.
Info: cpu: # 2017.05.19 13:41:08 (*)   Checking for encrypted license (non-evaluation).
Info: cpu: # 2017.05.19 13:41:10 (*)   Couldn't query license setup in Quartus directory D:/intelFPGA_lite/16.1/quartus/bin64/
Info: cpu: # 2017.05.19 13:41:10 (*)   Defaulting to contents of LM_LICENSE_FILE environment variable
Info: cpu: # 2017.05.19 13:41:10 (*)   LM_LICENSE_FILE environment variable is empty
Info: cpu: # 2017.05.19 13:41:10 (*)   Encrypted license not found.  Defaulting to OCP evaluation license (produces a time-limited SOF)
Info: cpu: # 2017.05.19 13:41:10 (*)   Elaborating CPU configuration settings
Info: cpu: # 2017.05.19 13:41:10 (*)   Creating all objects for CPU
Info: cpu: # 2017.05.19 13:41:10 (*)     Testbench
Info: cpu: # 2017.05.19 13:41:11 (*)     Instruction decoding
Info: cpu: # 2017.05.19 13:41:11 (*)       Instruction fields
Info: cpu: # 2017.05.19 13:41:11 (*)       Instruction decodes
Info: cpu: # 2017.05.19 13:41:13 (*)       Signals for RTL simulation waveforms
Info: cpu: # 2017.05.19 13:41:14 (*)       Instruction controls
Info: cpu: # 2017.05.19 13:41:14 (*)     Pipeline frontend
Info: cpu: # 2017.05.19 13:41:14 (*)     Pipeline backend
Info: cpu: # 2017.05.19 13:41:25 (*)   Generating RTL from CPU objects
Info: cpu: # 2017.05.19 13:41:32 (*)   Creating encrypted RTL
Info: cpu: # 2017.05.19 13:41:35 (*) Done Nios II generation
Info: cpu: Done RTL generation for module 'nios_system2_Processor1_cpu'
Info: cpu: "Processor1" instantiated altera_nios2_gen2_unit "cpu"
Info: cpu: Starting RTL generation for module 'nios_system2_Processor2_cpu'
Info: cpu:   Generation command is [exec D:/intelFPGA_lite/16.1/quartus/bin64//eperlcmd.exe -I D:/intelFPGA_lite/16.1/quartus/bin64//perl/lib -I D:/intelfpga_lite/16.1/quartus/sopc_builder/bin/europa -I D:/intelfpga_lite/16.1/quartus/sopc_builder/bin/perl_lib -I D:/intelfpga_lite/16.1/quartus/sopc_builder/bin -I D:/intelfpga_lite/16.1/quartus/../ip/altera/nios2_ip/altera_nios2_gen2/cpu_lib -I D:/intelfpga_lite/16.1/quartus/../ip/altera/nios2_ip/altera_nios2_gen2/nios_lib -I D:/intelfpga_lite/16.1/quartus/../ip/altera/nios2_ip/altera_nios2_gen2 -I D:/intelfpga_lite/16.1/quartus/../ip/altera/nios2_ip/altera_nios2_gen2 -- D:/intelfpga_lite/16.1/quartus/../ip/altera/nios2_ip/altera_nios2_gen2/generate_rtl.epl --name=nios_system2_Processor2_cpu --dir=C:/Users/Martijn/AppData/Local/Temp/alt7305_6133903630292927193.dir/0117_cpu_gen/ --quartus_bindir=D:/intelFPGA_lite/16.1/quartus/bin64/ --verilog --config=C:/Users/Martijn/AppData/Local/Temp/alt7305_6133903630292927193.dir/0117_cpu_gen//nios_system2_Processor2_cpu_processor_configuration.pl  --do_build_sim=0  ]
Info: cpu: # 2017.05.19 13:41:36 (*) Starting Nios II generation
Info: cpu: # 2017.05.19 13:41:36 (*)   Checking for plaintext license.
Info: cpu: # 2017.05.19 13:41:38 (*)   Couldn't query license setup in Quartus directory D:/intelFPGA_lite/16.1/quartus/bin64/
Info: cpu: # 2017.05.19 13:41:38 (*)   Defaulting to contents of LM_LICENSE_FILE environment variable
Info: cpu: # 2017.05.19 13:41:38 (*)   LM_LICENSE_FILE environment variable is empty
Info: cpu: # 2017.05.19 13:41:38 (*)   Plaintext license not found.
Info: cpu: # 2017.05.19 13:41:38 (*)   Checking for encrypted license (non-evaluation).
Info: cpu: # 2017.05.19 13:41:39 (*)   Couldn't query license setup in Quartus directory D:/intelFPGA_lite/16.1/quartus/bin64/
Info: cpu: # 2017.05.19 13:41:39 (*)   Defaulting to contents of LM_LICENSE_FILE environment variable
Info: cpu: # 2017.05.19 13:41:39 (*)   LM_LICENSE_FILE environment variable is empty
Info: cpu: # 2017.05.19 13:41:39 (*)   Encrypted license not found.  Defaulting to OCP evaluation license (produces a time-limited SOF)
Info: cpu: # 2017.05.19 13:41:39 (*)   Elaborating CPU configuration settings
Info: cpu: # 2017.05.19 13:41:39 (*)   Creating all objects for CPU
Info: cpu: # 2017.05.19 13:41:39 (*)     Testbench
Info: cpu: # 2017.05.19 13:41:40 (*)     Instruction decoding
Info: cpu: # 2017.05.19 13:41:40 (*)       Instruction fields
Info: cpu: # 2017.05.19 13:41:41 (*)       Instruction decodes
Info: cpu: # 2017.05.19 13:41:43 (*)       Signals for RTL simulation waveforms
Info: cpu: # 2017.05.19 13:41:43 (*)       Instruction controls
Info: cpu: # 2017.05.19 13:41:43 (*)     Pipeline frontend
Info: cpu: # 2017.05.19 13:41:44 (*)     Pipeline backend
Info: cpu: # 2017.05.19 13:41:55 (*)   Generating RTL from CPU objects
Info: cpu: # 2017.05.19 13:42:02 (*)   Creating encrypted RTL
Info: cpu: # 2017.05.19 13:42:05 (*) Done Nios II generation
Info: cpu: Done RTL generation for module 'nios_system2_Processor2_cpu'
Info: cpu: "Processor2" instantiated altera_nios2_gen2_unit "cpu"
Info: sys_pll: "System_PLL" instantiated altera_up_altpll "sys_pll"
Info: reset_from_locked: "System_PLL" instantiated altera_up_avalon_reset_from_locked_signal "reset_from_locked"
Info: Processor2_data_master_translator: "mm_interconnect_0" instantiated altera_merlin_master_translator "Processor2_data_master_translator"
Info: Audio_Subsystem_audio_slave_translator: "mm_interconnect_0" instantiated altera_merlin_slave_translator "Audio_Subsystem_audio_slave_translator"
Info: Processor2_data_master_agent: "mm_interconnect_0" instantiated altera_merlin_master_agent "Processor2_data_master_agent"
Info: Audio_Subsystem_audio_slave_agent: "mm_interconnect_0" instantiated altera_merlin_slave_agent "Audio_Subsystem_audio_slave_agent"
Info: router: "mm_interconnect_0" instantiated altera_merlin_router "router"
Info: router_001: "mm_interconnect_0" instantiated altera_merlin_router "router_001"
Info: router_002: "mm_interconnect_0" instantiated altera_merlin_router "router_002"
Info: router_003: "mm_interconnect_0" instantiated altera_merlin_router "router_003"
Info: router_004: "mm_interconnect_0" instantiated altera_merlin_router "router_004"
Info: router_005: "mm_interconnect_0" instantiated altera_merlin_router "router_005"
Info: router_006: "mm_interconnect_0" instantiated altera_merlin_router "router_006"
Info: router_014: "mm_interconnect_0" instantiated altera_merlin_router "router_014"
Info: router_017: "mm_interconnect_0" instantiated altera_merlin_router "router_017"
Info: router_018: "mm_interconnect_0" instantiated altera_merlin_router "router_018"
Info: router_022: "mm_interconnect_0" instantiated altera_merlin_router "router_022"
Info: router_023: "mm_interconnect_0" instantiated altera_merlin_router "router_023"
Info: Processor2_data_master_limiter: "mm_interconnect_0" instantiated altera_merlin_traffic_limiter "Processor2_data_master_limiter"
Info: Reusing file D:/NIOS-System2.0/NIOS/nios_system2/synthesis/submodules/altera_avalon_sc_fifo.v
Info: Reusing file D:/NIOS-System2.0/NIOS/nios_system2/synthesis/submodules/altera_avalon_st_pipeline_base.v
Info: SRAM_avalon_sram_slave_burst_adapter: "mm_interconnect_0" instantiated altera_merlin_burst_adapter "SRAM_avalon_sram_slave_burst_adapter"
Info: Reusing file D:/NIOS-System2.0/NIOS/nios_system2/synthesis/submodules/altera_avalon_st_pipeline_stage.sv
Info: Reusing file D:/NIOS-System2.0/NIOS/nios_system2/synthesis/submodules/altera_avalon_st_pipeline_base.v
Info: cmd_demux: "mm_interconnect_0" instantiated altera_merlin_demultiplexer "cmd_demux"
Info: cmd_demux_001: "mm_interconnect_0" instantiated altera_merlin_demultiplexer "cmd_demux_001"
Info: cmd_demux_002: "mm_interconnect_0" instantiated altera_merlin_demultiplexer "cmd_demux_002"
Info: cmd_demux_003: "mm_interconnect_0" instantiated altera_merlin_demultiplexer "cmd_demux_003"
Info: cmd_mux: "mm_interconnect_0" instantiated altera_merlin_multiplexer "cmd_mux"
Info: cmd_mux_001: "mm_interconnect_0" instantiated altera_merlin_multiplexer "cmd_mux_001"
Info: Reusing file D:/NIOS-System2.0/NIOS/nios_system2/synthesis/submodules/altera_merlin_arbitrator.sv
Info: cmd_mux_009: "mm_interconnect_0" instantiated altera_merlin_multiplexer "cmd_mux_009"
Info: Reusing file D:/NIOS-System2.0/NIOS/nios_system2/synthesis/submodules/altera_merlin_arbitrator.sv
Info: rsp_demux: "mm_interconnect_0" instantiated altera_merlin_demultiplexer "rsp_demux"
Info: rsp_demux_001: "mm_interconnect_0" instantiated altera_merlin_demultiplexer "rsp_demux_001"
Info: rsp_demux_009: "mm_interconnect_0" instantiated altera_merlin_demultiplexer "rsp_demux_009"
Info: rsp_mux: "mm_interconnect_0" instantiated altera_merlin_multiplexer "rsp_mux"
Info: Reusing file D:/NIOS-System2.0/NIOS/nios_system2/synthesis/submodules/altera_merlin_arbitrator.sv
Info: rsp_mux_001: "mm_interconnect_0" instantiated altera_merlin_multiplexer "rsp_mux_001"
Info: Reusing file D:/NIOS-System2.0/NIOS/nios_system2/synthesis/submodules/altera_merlin_arbitrator.sv
Info: rsp_mux_002: "mm_interconnect_0" instantiated altera_merlin_multiplexer "rsp_mux_002"
Info: Reusing file D:/NIOS-System2.0/NIOS/nios_system2/synthesis/submodules/altera_merlin_arbitrator.sv
Info: rsp_mux_003: "mm_interconnect_0" instantiated altera_merlin_multiplexer "rsp_mux_003"
Info: Reusing file D:/NIOS-System2.0/NIOS/nios_system2/synthesis/submodules/altera_merlin_arbitrator.sv
Info: SRAM_avalon_sram_slave_rsp_width_adapter: "mm_interconnect_0" instantiated altera_merlin_width_adapter "SRAM_avalon_sram_slave_rsp_width_adapter"
Info: Reusing file D:/NIOS-System2.0/NIOS/nios_system2/synthesis/submodules/altera_merlin_address_alignment.sv
Info: Reusing file D:/NIOS-System2.0/NIOS/nios_system2/synthesis/submodules/altera_merlin_burst_uncompressor.sv
Info: avalon_st_adapter: "mm_interconnect_0" instantiated altera_avalon_st_adapter "avalon_st_adapter"
Info: avalon_st_adapter_009: "mm_interconnect_0" instantiated altera_avalon_st_adapter "avalon_st_adapter_009"
Info: timing_adapter_0: "avalon_st_adapter" instantiated timing_adapter "timing_adapter_0"
Info: error_adapter_0: "avalon_st_adapter" instantiated error_adapter "error_adapter_0"
Info: error_adapter_0: "avalon_st_adapter_009" instantiated error_adapter "error_adapter_0"
Info: nios_system2: Done "nios_system2" with 84 modules, 164 files
Info: qsys-generate succeeded.
Info: Finished: Create HDL design files for synthesis
